<?xml version="1.0" encoding="UTF-8"?>
<!-- Generated by org.testng.reporters.JUnitReportReporter -->
<testsuite hostname="DESKTOP-URBSHGT" failures="0" tests="1" name="Queryparameters.Cookies" time="39.909" errors="0" timestamp="2023-09-28T19:10:37 IST" skipped="0">
  <testcase classname="Queryparameters.Cookies" name="testCookiesAPI" time="39.909"/>
  <system-out/>
</testsuite> <!-- Queryparameters.Cookies -->
