<?xml version="1.0" encoding="UTF-8"?>
<!-- Generated by org.testng.reporters.JUnitReportReporter -->
<testsuite hostname="DESKTOP-URBSHGT" failures="0" tests="1" name="Queryparameters.Qparameters" time="2.673" errors="0" timestamp="2023-09-29T12:52:32 IST" skipped="0">
  <testcase classname="Queryparameters.Qparameters" name="testQueryParameters" time="2.673"/>
  <system-out/>
</testsuite> <!-- Queryparameters.Qparameters -->
